[debug] [2025-09-30T18:08:06.782Z] ----------------------------------------------------------------------
[debug] [2025-09-30T18:08:06.784Z] Command:       C:\nvm4w\nodejs\node.exe C:\Users\Admin System\AppData\Roaming\npm\node_modules\firebase-tools\lib\bin\firebase.js deploy --only functions
[debug] [2025-09-30T18:08:06.784Z] CLI Version:   14.17.0
[debug] [2025-09-30T18:08:06.784Z] Platform:      win32
[debug] [2025-09-30T18:08:06.784Z] Node Version:  v20.19.5
[debug] [2025-09-30T18:08:06.784Z] Time:          Tue Sep 30 2025 12:08:06 GMT-0600 (Central Standard Time)
[debug] [2025-09-30T18:08:06.784Z] ----------------------------------------------------------------------
[debug] 
[debug] [2025-09-30T18:08:06.944Z] > command requires scopes: ["email","openid","https://www.googleapis.com/auth/cloudplatformprojects.readonly","https://www.googleapis.com/auth/firebase","https://www.googleapis.com/auth/cloud-platform"]
[debug] [2025-09-30T18:08:06.944Z] > authorizing via signed-in user (za19011250@zapopan.tecmm.edu.mx)
[debug] [2025-09-30T18:08:06.944Z] [iam] checking project proyecto-bere for permissions ["cloudfunctions.functions.create","cloudfunctions.functions.delete","cloudfunctions.functions.get","cloudfunctions.functions.list","cloudfunctions.functions.update","cloudfunctions.operations.get","firebase.projects.get"]
[debug] [2025-09-30T18:08:06.945Z] Checked if tokens are valid: true, expires at: 1759256655284
[debug] [2025-09-30T18:08:06.945Z] Checked if tokens are valid: true, expires at: 1759256655284
[debug] [2025-09-30T18:08:06.946Z] >>> [apiv2][query] POST https://cloudresourcemanager.googleapis.com/v1/projects/proyecto-bere:testIamPermissions [none]
[debug] [2025-09-30T18:08:06.946Z] >>> [apiv2][(partial)header] POST https://cloudresourcemanager.googleapis.com/v1/projects/proyecto-bere:testIamPermissions x-goog-quota-user=projects/proyecto-bere
[debug] [2025-09-30T18:08:06.946Z] >>> [apiv2][body] POST https://cloudresourcemanager.googleapis.com/v1/projects/proyecto-bere:testIamPermissions {"permissions":["cloudfunctions.functions.create","cloudfunctions.functions.delete","cloudfunctions.functions.get","cloudfunctions.functions.list","cloudfunctions.functions.update","cloudfunctions.operations.get","firebase.projects.get"]}
[debug] [2025-09-30T18:08:07.342Z] <<< [apiv2][status] POST https://cloudresourcemanager.googleapis.com/v1/projects/proyecto-bere:testIamPermissions 200
[debug] [2025-09-30T18:08:07.342Z] <<< [apiv2][body] POST https://cloudresourcemanager.googleapis.com/v1/projects/proyecto-bere:testIamPermissions {"permissions":["cloudfunctions.functions.create","cloudfunctions.functions.delete","cloudfunctions.functions.get","cloudfunctions.functions.list","cloudfunctions.functions.update","cloudfunctions.operations.get","firebase.projects.get"]}
[debug] [2025-09-30T18:08:07.342Z] Checked if tokens are valid: true, expires at: 1759256655284
[debug] [2025-09-30T18:08:07.342Z] Checked if tokens are valid: true, expires at: 1759256655284
[debug] [2025-09-30T18:08:07.342Z] >>> [apiv2][query] POST https://iam.googleapis.com/v1/projects/proyecto-bere/serviceAccounts/proyecto-bere@appspot.gserviceaccount.com:testIamPermissions [none]
[debug] [2025-09-30T18:08:07.342Z] >>> [apiv2][body] POST https://iam.googleapis.com/v1/projects/proyecto-bere/serviceAccounts/proyecto-bere@appspot.gserviceaccount.com:testIamPermissions {"permissions":["iam.serviceAccounts.actAs"]}
[debug] [2025-09-30T18:08:07.690Z] <<< [apiv2][status] POST https://iam.googleapis.com/v1/projects/proyecto-bere/serviceAccounts/proyecto-bere@appspot.gserviceaccount.com:testIamPermissions 200
[debug] [2025-09-30T18:08:07.690Z] <<< [apiv2][body] POST https://iam.googleapis.com/v1/projects/proyecto-bere/serviceAccounts/proyecto-bere@appspot.gserviceaccount.com:testIamPermissions {"permissions":["iam.serviceAccounts.actAs"]}
[info] 
[info] === Deploying to 'proyecto-bere'...
[info] 
[info] i  deploying functions 
[info] +  functions: Finished running predeploy script. 
[debug] [2025-09-30T18:08:07.693Z] Checked if tokens are valid: true, expires at: 1759256655284
[debug] [2025-09-30T18:08:07.693Z] Checked if tokens are valid: true, expires at: 1759256655284
[debug] [2025-09-30T18:08:07.694Z] >>> [apiv2][query] GET https://cloudresourcemanager.googleapis.com/v1/projects/proyecto-bere [none]
[debug] [2025-09-30T18:08:07.805Z] <<< [apiv2][status] GET https://cloudresourcemanager.googleapis.com/v1/projects/proyecto-bere 200
[debug] [2025-09-30T18:08:07.805Z] <<< [apiv2][body] GET https://cloudresourcemanager.googleapis.com/v1/projects/proyecto-bere {"projectNumber":"627127896455","projectId":"proyecto-bere","lifecycleState":"ACTIVE","name":"proyecto-bere","labels":{"firebase":"enabled","firebase-core":"disabled"},"createTime":"2025-09-24T20:46:22.961490Z","parent":{"type":"organization","id":"796959426050"}}
[info] i  functions: preparing codebase default for deployment 
[info] i  functions: ensuring required API cloudfunctions.googleapis.com is enabled... 
[info] i  functions: ensuring required API cloudbuild.googleapis.com is enabled... 
[info] i  artifactregistry: ensuring required API artifactregistry.googleapis.com is enabled... 
[debug] [2025-09-30T18:08:07.808Z] Checked if tokens are valid: true, expires at: 1759256655284
[debug] [2025-09-30T18:08:07.808Z] Checked if tokens are valid: true, expires at: 1759256655284
[debug] [2025-09-30T18:08:07.808Z] >>> [apiv2][query] GET https://firebase.googleapis.com/v1beta1/projects/proyecto-bere/adminSdkConfig [none]
[debug] [2025-09-30T18:08:08.073Z] <<< [apiv2][status] GET https://firebase.googleapis.com/v1beta1/projects/proyecto-bere/adminSdkConfig 200
[debug] [2025-09-30T18:08:08.073Z] <<< [apiv2][body] GET https://firebase.googleapis.com/v1beta1/projects/proyecto-bere/adminSdkConfig {"projectId":"proyecto-bere","storageBucket":"proyecto-bere.firebasestorage.app"}
[debug] [2025-09-30T18:08:08.074Z] Checked if tokens are valid: true, expires at: 1759256655284
[debug] [2025-09-30T18:08:08.074Z] Checked if tokens are valid: true, expires at: 1759256655284
[debug] [2025-09-30T18:08:08.074Z] >>> [apiv2][query] GET https://runtimeconfig.googleapis.com/v1beta1/projects/proyecto-bere/configs [none]
[debug] [2025-09-30T18:08:08.293Z] <<< [apiv2][status] GET https://runtimeconfig.googleapis.com/v1beta1/projects/proyecto-bere/configs 200
[debug] [2025-09-30T18:08:08.293Z] <<< [apiv2][body] GET https://runtimeconfig.googleapis.com/v1beta1/projects/proyecto-bere/configs {"configs":[{"name":"projects/proyecto-bere/configs/mercadopago"}]}
[debug] [2025-09-30T18:08:08.294Z] Checked if tokens are valid: true, expires at: 1759256655284
[debug] [2025-09-30T18:08:08.294Z] Checked if tokens are valid: true, expires at: 1759256655284
[debug] [2025-09-30T18:08:08.294Z] >>> [apiv2][query] GET https://runtimeconfig.googleapis.com/v1beta1/projects/proyecto-bere/configs/mercadopago/variables [none]
[debug] [2025-09-30T18:08:08.422Z] <<< [apiv2][status] GET https://runtimeconfig.googleapis.com/v1beta1/projects/proyecto-bere/configs/mercadopago/variables 200
[debug] [2025-09-30T18:08:08.422Z] <<< [apiv2][body] GET https://runtimeconfig.googleapis.com/v1beta1/projects/proyecto-bere/configs/mercadopago/variables {"variables":[{"name":"projects/proyecto-bere/configs/mercadopago/variables/access_token","updateTime":"2025-09-30T15:09:48.479110956Z"}]}
[debug] [2025-09-30T18:08:08.422Z] Checked if tokens are valid: true, expires at: 1759256655284
[debug] [2025-09-30T18:08:08.422Z] Checked if tokens are valid: true, expires at: 1759256655284
[debug] [2025-09-30T18:08:08.422Z] >>> [apiv2][query] GET https://runtimeconfig.googleapis.com/v1beta1/projects/proyecto-bere/configs/mercadopago/variables/access_token [none]
